<?xml version="1.0" encoding="utf-8" standalone="no"?>
<test-results xmlns:xsi="http://www.w3.org/2001/XMLSchema-instance" xsi:noNamespaceSchemaLocation="nunit_schema_2.5.xsd" name="Pester" total="43" errors="0" failures="0" not-run="0" inconclusive="0" ignored="0" skipped="2" invalid="0" date="2022-10-07" time="19:53:21">
  <environment user-domain="DESKTOP-CUSTOM" user="jimmy" cwd="C:\Users\jimmy\Dev\PSEdgeKeywords\tests" clr-version="Unknown" machine-name="DESKTOP-CUSTOM" platform="Microsoft Windows 11 Pro Insider Preview|C:\WINDOWS|\Device\Harddisk0\Partition5" nunit-version="2.5.8.0" os-version="10.0.25217" />
  <culture-info current-culture="en-US" current-uiculture="en-US" />
  <test-suite type="TestFixture" name="Pester" executed="True" result="Ignored" success="True" time="0.7391" asserts="0" description="Pester">
    <results>
      <test-suite type="TestFixture" name="C:\Users\jimmy\Dev\PSEdgeKeywords\tests\Help.tests.ps1" executed="True" result="Success" success="True" time="0.2815" asserts="0" description="C:\Users\jimmy\Dev\PSEdgeKeywords\tests\Help.tests.ps1">
        <results>
          <test-suite type="TestFixture" name="Test help for Get-EdgeKeywordsData" executed="True" result="Success" success="True" time="0.0644" asserts="0" description="Test help for Get-EdgeKeywordsData">
            <results>
              <test-suite type="TestFixture" name="Test help for Get-EdgeKeywordsData.Parameter As" executed="True" result="Success" success="True" time="0.0366" asserts="0" description="Test help for Get-EdgeKeywordsData.Parameter As">
                <results>
                  <test-case description="Has description" name="Test help for Get-EdgeKeywordsData.Parameter As.Has description" time="0.0054" asserts="0" success="True" result="Success" executed="True" />
                  <test-case description="Has correct [mandatory] value" name="Test help for Get-EdgeKeywordsData.Parameter As.Has correct [mandatory] value" time="0.0049" asserts="0" success="True" result="Success" executed="True" />
                  <test-case description="Has correct parameter type" name="Test help for Get-EdgeKeywordsData.Parameter As.Has correct parameter type" time="0.0036" asserts="0" success="True" result="Success" executed="True" />
                </results>
              </test-suite>
              <test-suite type="TestFixture" name="Test help for Get-EdgeKeywordsData.Parameter Database" executed="True" result="Success" success="True" time="0.0487" asserts="0" description="Test help for Get-EdgeKeywordsData.Parameter Database">
                <results>
                  <test-case description="Has description" name="Test help for Get-EdgeKeywordsData.Parameter Database.Has description" time="0.0036" asserts="0" success="True" result="Success" executed="True" />
                  <test-case description="Has correct [mandatory] value" name="Test help for Get-EdgeKeywordsData.Parameter Database.Has correct [mandatory] value" time="0.0031" asserts="0" success="True" result="Success" executed="True" />
                  <test-case description="Has correct parameter type" name="Test help for Get-EdgeKeywordsData.Parameter Database.Has correct parameter type" time="0.0025" asserts="0" success="True" result="Success" executed="True" />
                </results>
              </test-suite>
              <test-case description="Help is not auto-generated" name="Test help for Get-EdgeKeywordsData.Help is not auto-generated" time="0.0061" asserts="0" success="True" result="Success" executed="True" />
              <test-case description="Has description" name="Test help for Get-EdgeKeywordsData.Has description" time="0.0037" asserts="0" success="True" result="Success" executed="True" />
              <test-case description="Has example code" name="Test help for Get-EdgeKeywordsData.Has example code" time="0.0026" asserts="0" success="True" result="Success" executed="True" />
              <test-case description="Has example help" name="Test help for Get-EdgeKeywordsData.Has example help" time="0.0029" asserts="0" success="True" result="Success" executed="True" />
            </results>
          </test-suite>
          <test-suite type="TestFixture" name="Test help for Get-PSEdgeConfigValue" executed="True" result="Success" success="True" time="0.1035" asserts="0" description="Test help for Get-PSEdgeConfigValue">
            <results>
              <test-suite type="TestFixture" name="Test help for Get-PSEdgeConfigValue.Parameter Key" executed="True" result="Success" success="True" time="0.0265" asserts="0" description="Test help for Get-PSEdgeConfigValue.Parameter Key">
                <results>
                  <test-case description="Has description" name="Test help for Get-PSEdgeConfigValue.Parameter Key.Has description" time="0.0028" asserts="0" success="True" result="Success" executed="True" />
                  <test-case description="Has correct [mandatory] value" name="Test help for Get-PSEdgeConfigValue.Parameter Key.Has correct [mandatory] value" time="0.0023" asserts="0" success="True" result="Success" executed="True" />
                  <test-case description="Has correct parameter type" name="Test help for Get-PSEdgeConfigValue.Parameter Key.Has correct parameter type" time="0.0021" asserts="0" success="True" result="Success" executed="True" />
                </results>
              </test-suite>
              <test-case description="Help is not auto-generated" name="Test help for Get-PSEdgeConfigValue.Help is not auto-generated" time="0.0041" asserts="0" success="True" result="Success" executed="True" />
              <test-case description="Has description" name="Test help for Get-PSEdgeConfigValue.Has description" time="0.0036" asserts="0" success="True" result="Success" executed="True" />
              <test-case description="Has example code" name="Test help for Get-PSEdgeConfigValue.Has example code" time="0.0023" asserts="0" success="True" result="Success" executed="True" />
              <test-case description="Has example help" name="Test help for Get-PSEdgeConfigValue.Has example help" time="0.0063" asserts="0" success="True" result="Success" executed="True" />
            </results>
          </test-suite>
          <test-suite type="TestFixture" name="Test help for Set-PSEdgeConfigValue" executed="True" result="Success" success="True" time="0.1569" asserts="0" description="Test help for Set-PSEdgeConfigValue">
            <results>
              <test-suite type="TestFixture" name="Test help for Set-PSEdgeConfigValue.Parameter Key" executed="True" result="Success" success="True" time="0.0257" asserts="0" description="Test help for Set-PSEdgeConfigValue.Parameter Key">
                <results>
                  <test-case description="Has description" name="Test help for Set-PSEdgeConfigValue.Parameter Key.Has description" time="0.0036" asserts="0" success="True" result="Success" executed="True" />
                  <test-case description="Has correct [mandatory] value" name="Test help for Set-PSEdgeConfigValue.Parameter Key.Has correct [mandatory] value" time="0.0026" asserts="0" success="True" result="Success" executed="True" />
                  <test-case description="Has correct parameter type" name="Test help for Set-PSEdgeConfigValue.Parameter Key.Has correct parameter type" time="0.0028" asserts="0" success="True" result="Success" executed="True" />
                </results>
              </test-suite>
              <test-suite type="TestFixture" name="Test help for Set-PSEdgeConfigValue.Parameter Value" executed="True" result="Success" success="True" time="0.04" asserts="0" description="Test help for Set-PSEdgeConfigValue.Parameter Value">
                <results>
                  <test-case description="Has description" name="Test help for Set-PSEdgeConfigValue.Parameter Value.Has description" time="0.0045" asserts="0" success="True" result="Success" executed="True" />
                  <test-case description="Has correct [mandatory] value" name="Test help for Set-PSEdgeConfigValue.Parameter Value.Has correct [mandatory] value" time="0.0034" asserts="0" success="True" result="Success" executed="True" />
                  <test-case description="Has correct parameter type" name="Test help for Set-PSEdgeConfigValue.Parameter Value.Has correct parameter type" time="0.0035" asserts="0" success="True" result="Success" executed="True" />
                </results>
              </test-suite>
              <test-case description="Help is not auto-generated" name="Test help for Set-PSEdgeConfigValue.Help is not auto-generated" time="0.0042" asserts="0" success="True" result="Success" executed="True" />
              <test-case description="Has description" name="Test help for Set-PSEdgeConfigValue.Has description" time="0.0023" asserts="0" success="True" result="Success" executed="True" />
              <test-case description="Has example code" name="Test help for Set-PSEdgeConfigValue.Has example code" time="0.0024" asserts="0" success="True" result="Success" executed="True" />
              <test-case description="Has example help" name="Test help for Set-PSEdgeConfigValue.Has example help" time="0.0022" asserts="0" success="True" result="Success" executed="True" />
            </results>
          </test-suite>
        </results>
      </test-suite>
      <test-suite type="TestFixture" name="C:\Users\jimmy\Dev\PSEdgeKeywords\tests\Manifest.tests.ps1" executed="True" result="Ignored" success="True" time="0.2213" asserts="0" description="C:\Users\jimmy\Dev\PSEdgeKeywords\tests\Manifest.tests.ps1">
        <results>
          <test-suite type="TestFixture" name="Module manifest" executed="True" result="Success" success="True" time="0.0391" asserts="0" description="Module manifest">
            <results>
              <test-suite type="TestFixture" name="Module manifest.Validation" executed="True" result="Success" success="True" time="0.0369" asserts="0" description="Module manifest.Validation">
                <results>
                  <test-case description="Has a valid manifest" name="Module manifest.Validation.Has a valid manifest" time="0.0076" asserts="0" success="True" result="Success" executed="True" />
                  <test-case description="Has a valid name in the manifest" name="Module manifest.Validation.Has a valid name in the manifest" time="0.0039" asserts="0" success="True" result="Success" executed="True" />
                  <test-case description="Has a valid root module" name="Module manifest.Validation.Has a valid root module" time="0.0031" asserts="0" success="True" result="Success" executed="True" />
                  <test-case description="Has a valid version in the manifest" name="Module manifest.Validation.Has a valid version in the manifest" time="0.0022" asserts="0" success="True" result="Success" executed="True" />
                  <test-case description="Has a valid description" name="Module manifest.Validation.Has a valid description" time="0.0029" asserts="0" success="True" result="Success" executed="True" />
                  <test-case description="Has a valid author" name="Module manifest.Validation.Has a valid author" time="0.0025" asserts="0" success="True" result="Success" executed="True" />
                  <test-case description="Has a valid guid" name="Module manifest.Validation.Has a valid guid" time="0.0024" asserts="0" success="True" result="Success" executed="True" />
                  <test-case description="Has a valid copyright" name="Module manifest.Validation.Has a valid copyright" time="0.0023" asserts="0" success="True" result="Success" executed="True" />
                  <test-case description="Has a valid version in the changelog" name="Module manifest.Validation.Has a valid version in the changelog" time="0.0027" asserts="0" success="True" result="Success" executed="True" />
                  <test-case description="Changelog and manifest versions are the same" name="Module manifest.Validation.Changelog and manifest versions are the same" time="0.0032" asserts="0" success="True" result="Success" executed="True" />
                </results>
              </test-suite>
            </results>
          </test-suite>
          <test-suite type="TestFixture" name="Git tagging" executed="True" result="Ignored" success="True" time="0.0457" asserts="0" description="Git tagging">
            <results>
              <test-case description="Is tagged with a valid version" name="Git tagging.Is tagged with a valid version" time="0.0026" asserts="0" success="False" result="Ignored" executed="False" />
              <test-case description="Matches manifest version" name="Git tagging.Matches manifest version" time="0.0016" asserts="0" success="False" result="Ignored" executed="False" />
            </results>
          </test-suite>
        </results>
      </test-suite>
      <test-suite type="TestFixture" name="C:\Users\jimmy\Dev\PSEdgeKeywords\tests\Meta.tests.ps1" executed="True" result="Success" success="True" time="0.1239" asserts="0" description="C:\Users\jimmy\Dev\PSEdgeKeywords\tests\Meta.tests.ps1">
        <results>
          <test-suite type="TestFixture" name="Text files formatting" executed="True" result="Success" success="True" time="0.0137" asserts="0" description="Text files formatting">
            <results>
              <test-suite type="TestFixture" name="Text files formatting.File encoding" executed="True" result="Success" success="True" time="0.0063" asserts="0" description="Text files formatting.File encoding">
                <results>
                  <test-case description="No text file uses Unicode/UTF-16 encoding" name="Text files formatting.File encoding.No text file uses Unicode/UTF-16 encoding" time="0.0042" asserts="0" success="True" result="Success" executed="True" />
                </results>
              </test-suite>
              <test-suite type="TestFixture" name="Text files formatting.Indentations" executed="True" result="Success" success="True" time="0.0116" asserts="0" description="Text files formatting.Indentations">
                <results>
                  <test-case description="No text file use tabs for indentations" name="Text files formatting.Indentations.No text file use tabs for indentations" time="0.0032" asserts="0" success="True" result="Success" executed="True" />
                </results>
              </test-suite>
            </results>
          </test-suite>
        </results>
      </test-suite>
      <test-suite type="TestFixture" name="C:\Users\jimmy\Dev\PSEdgeKeywords\tests\PSEdgeKeywords.Tests.ps1" executed="True" result="Success" success="True" time="0.1124" asserts="0" description="C:\Users\jimmy\Dev\PSEdgeKeywords\tests\PSEdgeKeywords.Tests.ps1">
        <results>
          <test-suite type="TestFixture" name="Output Keywords from Web Data Database" executed="True" result="Success" success="True" time="0.026" asserts="0" description="Output Keywords from Web Data Database">
            <results>
              <test-suite type="TestFixture" name="Output Keywords from Web Data Database.Strict Mode" executed="True" result="Success" success="True" time="0.0238" asserts="0" description="Output Keywords from Web Data Database.Strict Mode">
                <results>
                  <test-case description="should retrieve PSCustomObject containing Edge Keywords" name="Output Keywords from Web Data Database.Strict Mode.should retrieve PSCustomObject containing Edge Keywords" time="0.0137" asserts="0" success="True" result="Success" executed="True" />
                  <test-case description="should be the correct number of rows" name="Output Keywords from Web Data Database.Strict Mode.should be the correct number of rows" time="0.0074" asserts="0" success="True" result="Success" executed="True" />
                </results>
              </test-suite>
            </results>
          </test-suite>
        </results>
      </test-suite>
    </results>
  </test-suite>
</test-results>